# JRE version: Java(TM) SE Runtime Environment (17.0.8+9) (build 17.0.8+9-LTS-211)
# Java VM: Java HotSpot(TM) 64-Bit Server VM (17.0.8+9-LTS-211, mixed mode, sharing, tiered, compressed oops, compressed class ptrs, g1 gc, windows-amd64)
GC Precious Log:
 CPUs: 8 total, 8 available
 Memory: 16183M
 Large Page Support: Disabled
 NUMA Support: Disabled
 Compressed Oops: Enabled (32-bit)
 Heap Region Size: 1M
 Heap Min Capacity: 256M
 Heap Initial Capacity: 256M
 Heap Max Capacity: 512M
 Pre-touch: Disabled
 Parallel Workers: 8
 Concurrent Workers: 2
 Concurrent Refinement Workers: 8
 Periodic GC: Disabled
Heap:
 garbage-first heap   total 262144K, used 97936K [0x00000000e0000000, 0x0000000100000000)
  region size 1024K, 22 young (22528K), 6 survivors (6144K)
 Metaspace       used 67238K, committed 67904K, reserved 393216K
  class space    used 9082K, committed 9408K, reserved 327680K
GC Heap History (20 events):
Event: 0.446 GC heap before
{Heap before GC invocations=0 (full 0):
 garbage-first heap   total 262144K, used 26624K [0x00000000e0000000, 0x0000000100000000)
  region size 1024K, 23 young (23552K), 0 survivors (0K)
 Metaspace       used 3069K, committed 3200K, reserved 393216K
  class space    used 394K, committed 448K, reserved 327680K
}
Event: 0.448 GC heap after
{Heap after GC invocations=1 (full 0):
 garbage-first heap   total 262144K, used 10898K [0x00000000e0000000, 0x0000000100000000)
  region size 1024K, 3 young (3072K), 3 survivors (3072K)
 Metaspace       used 3069K, committed 3200K, reserved 393216K
  class space    used 394K, committed 448K, reserved 327680K
}
Event: 0.724 GC heap before
{Heap before GC invocations=1 (full 0):
 garbage-first heap   total 262144K, used 38546K [0x00000000e0000000, 0x0000000100000000)
  region size 1024K, 30 young (30720K), 3 survivors (3072K)
 Metaspace       used 4050K, committed 4224K, reserved 393216K
  class space    used 497K, committed 576K, reserved 327680K
}
Event: 0.725 GC heap after
{Heap after GC invocations=2 (full 0):
 garbage-first heap   total 262144K, used 11618K [0x00000000e0000000, 0x0000000100000000)
  region size 1024K, 1 young (1024K), 1 survivors (1024K)
 Metaspace       used 4050K, committed 4224K, reserved 393216K
  class space    used 497K, committed 576K, reserved 327680K
}
Event: 2.323 GC heap before
{Heap before GC invocations=2 (full 0):
 garbage-first heap   total 262144K, used 128354K [0x00000000e0000000, 0x0000000100000000)
  region size 1024K, 115 young (117760K), 1 survivors (1024K)
 Metaspace       used 21283K, committed 21504K, reserved 393216K
  class space    used 3140K, committed 3264K, reserved 327680K
}
Event: 2.329 GC heap after
{Heap after GC invocations=3 (full 0):
 garbage-first heap   total 262144K, used 22415K [0x00000000e0000000, 0x0000000100000000)
  region size 1024K, 12 young (12288K), 12 survivors (12288K)
 Metaspace       used 21283K, committed 21504K, reserved 393216K
  class space    used 3140K, committed 3264K, reserved 327680K
}
Event: 3.588 GC heap before
{Heap before GC invocations=4 (full 0):
 garbage-first heap   total 262144K, used 142223K [0x00000000e0000000, 0x0000000100000000)
  region size 1024K, 126 young (129024K), 12 survivors (12288K)
 Metaspace       used 35754K, committed 36160K, reserved 393216K
  class space    used 4991K, committed 5248K, reserved 327680K
}
Event: 3.599 GC heap after
{Heap after GC invocations=5 (full 0):
 garbage-first heap   total 262144K, used 32799K [0x00000000e0000000, 0x0000000100000000)
  region size 1024K, 11 young (11264K), 11 survivors (11264K)
 Metaspace       used 35754K, committed 36160K, reserved 393216K
  class space    used 4991K, committed 5248K, reserved 327680K
}
Event: 4.745 GC heap before
{Heap before GC invocations=6 (full 0):
 garbage-first heap   total 262144K, used 164895K [0x00000000e0000000, 0x0000000100000000)
  region size 1024K, 139 young (142336K), 11 survivors (11264K)
 Metaspace       used 46477K, committed 46976K, reserved 393216K
  class space    used 6600K, committed 6848K, reserved 327680K
}
Event: 4.753 GC heap after
{Heap after GC invocations=7 (full 0):
 garbage-first heap   total 262144K, used 41566K [0x00000000e0000000, 0x0000000100000000)
  region size 1024K, 10 young (10240K), 10 survivors (10240K)
 Metaspace       used 46477K, committed 46976K, reserved 393216K
  class space    used 6600K, committed 6848K, reserved 327680K
}
Event: 6.289 GC heap before
{Heap before GC invocations=7 (full 0):
 garbage-first heap   total 262144K, used 186974K [0x00000000e0000000, 0x0000000100000000)
  region size 1024K, 153 young (156672K), 10 survivors (10240K)
 Metaspace       used 52417K, committed 52992K, reserved 393216K
  class space    used 7316K, committed 7616K, reserved 327680K
}
Event: 6.300 GC heap after
{Heap after GC invocations=8 (full 0):
 garbage-first heap   total 262144K, used 49355K [0x00000000e0000000, 0x0000000100000000)
  region size 1024K, 18 young (18432K), 18 survivors (18432K)
 Metaspace       used 52417K, committed 52992K, reserved 393216K
  class space    used 7316K, committed 7616K, reserved 327680K
}
Event: 7.189 GC heap before
{Heap before GC invocations=8 (full 0):
 garbage-first heap   total 262144K, used 135371K [0x00000000e0000000, 0x0000000100000000)
  region size 1024K, 103 young (105472K), 18 survivors (18432K)
 Metaspace       used 59969K, committed 60480K, reserved 393216K
  class space    used 8330K, committed 8576K, reserved 327680K
}
Event: 7.203 GC heap after
{Heap after GC invocations=9 (full 0):
 garbage-first heap   total 262144K, used 60992K [0x00000000e0000000, 0x0000000100000000)
  region size 1024K, 20 young (20480K), 20 survivors (20480K)
 Metaspace       used 59969K, committed 60480K, reserved 393216K
  class space    used 8330K, committed 8576K, reserved 327680K
}
Event: 8.940 GC heap before
{Heap before GC invocations=10 (full 0):
 garbage-first heap   total 262144K, used 198208K [0x00000000e0000000, 0x0000000100000000)
  region size 1024K, 153 young (156672K), 20 survivors (20480K)
 Metaspace       used 64088K, committed 64704K, reserved 393216K
  class space    used 8723K, committed 9024K, reserved 327680K
}
Event: 8.960 GC heap after
{Heap after GC invocations=11 (full 0):
 garbage-first heap   total 262144K, used 77611K [0x00000000e0000000, 0x0000000100000000)
  region size 1024K, 16 young (16384K), 16 survivors (16384K)
 Metaspace       used 64088K, committed 64704K, reserved 393216K
  class space    used 8723K, committed 9024K, reserved 327680K
}
Event: 8.964 GC heap before
{Heap before GC invocations=11 (full 0):
 garbage-first heap   total 262144K, used 78635K [0x00000000e0000000, 0x0000000100000000)
  region size 1024K, 17 young (17408K), 16 survivors (16384K)
 Metaspace       used 64090K, committed 64768K, reserved 393216K
  class space    used 8723K, committed 9024K, reserved 327680K
}
Event: 8.971 GC heap after
{Heap after GC invocations=12 (full 0):
 garbage-first heap   total 262144K, used 77824K [0x00000000e0000000, 0x0000000100000000)
  region size 1024K, 1 young (1024K), 1 survivors (1024K)
 Metaspace       used 64090K, committed 64768K, reserved 393216K
  class space    used 8723K, committed 9024K, reserved 327680K
}
Event: 10.268 GC heap before
{Heap before GC invocations=12 (full 0):
 garbage-first heap   total 262144K, used 199680K [0x00000000e0000000, 0x0000000100000000)
  region size 1024K, 120 young (122880K), 1 survivors (1024K)
 Metaspace       used 66476K, committed 67136K, reserved 393216K
  class space    used 8979K, committed 9280K, reserved 327680K
}
Event: 10.274 GC heap after
{Heap after GC invocations=13 (full 0):
 garbage-first heap   total 262144K, used 82576K [0x00000000e0000000, 0x0000000100000000)
  region size 1024K, 6 young (6144K), 6 survivors (6144K)
 Metaspace       used 66476K, committed 67136K, reserved 393216K
  class space    used 8979K, committed 9280K, reserved 327680K
}

